<?xml version="1.0" encoding="UTF-8"?>
<testsuite name="com.app.DebugTest" tests="1" skipped="0" failures="0" errors="0" timestamp="2020-04-11T20:19:50" hostname="squid-Latitude-E5270" time="3.336">
  <properties/>
  <testcase name="scen" classname="com.app.DebugTest" time="3.336"/>
  <system-out><![CDATA[scan output:
Starting Nmap 7.80 ( https://nmap.org ) at 2020-04-11 23:19 IDT
Nmap scan report for OpenWrt.lan (192.168.1.1)
Host is up (0.0033s latency).
Nmap scan report for netgear.lan (192.168.1.4)
Host is up (0.0049s latency).
Nmap scan report for 192.168.1.61
Host is up (0.00085s latency).
Nmap scan report for 192.168.1.102
Host is up (0.077s latency).
Nmap scan report for squid-Latitude-E5270.lan (192.168.1.213)
Host is up (0.00019s latency).
Nmap scan report for ESP_2BA1D6.lan (192.168.1.220)
Host is up (0.018s latency).
Nmap scan report for Galaxy-S9.lan (192.168.1.233)
Host is up (0.10s latency).
Nmap scan report for android-f0d692f6237762b1.lan (192.168.1.245)
Host is up (0.093s latency).
Nmap done: 256 IP addresses (8 hosts up) scanned in 3.28 seconds

192.168.1.1
up
192.168.1.4
up
192.168.1.61
up
192.168.1.102
up
192.168.1.213
up
192.168.1.220
up
192.168.1.233
up
192.168.1.245
up
]]></system-out>
  <system-err><![CDATA[]]></system-err>
</testsuite>
